  [1m[35m (2193.3ms)[0m  [1m[35mCREATE DATABASE "PridefulBnB_development" ENCODING = 'unicode'[0m
  ↳ bin/rails:9
  [1m[35m (1231.5ms)[0m  [1m[35mCREATE DATABASE "PridefulBnB_test" ENCODING = 'unicode'[0m
  ↳ bin/rails:9
  [1m[35m (28.1ms)[0m  [1m[35mCREATE TABLE "schema_migrations" ("version" character varying NOT NULL PRIMARY KEY)[0m
  ↳ bin/rails:9
  [1m[35m (5.0ms)[0m  [1m[35mCREATE TABLE "ar_internal_metadata" ("key" character varying NOT NULL PRIMARY KEY, "value" character varying, "created_at" timestamp NOT NULL, "updated_at" timestamp NOT NULL)[0m
  ↳ bin/rails:9
  [1m[35m (0.5ms)[0m  [1m[34mSELECT pg_try_advisory_lock(5653534512548134065)[0m
  ↳ bin/rails:9
  [1m[35m (4.4ms)[0m  [1m[34mSELECT "schema_migrations"."version" FROM "schema_migrations" ORDER BY "schema_migrations"."version" ASC[0m
  ↳ bin/rails:9
Migrating to CreateUsers (20210405214620)
  [1m[35m (0.2ms)[0m  [1m[35mBEGIN[0m
  ↳ bin/rails:9
  [1m[35m (7.1ms)[0m  [1m[35mCREATE TABLE "users" ("id" bigserial primary key, "email" character varying NOT NULL, "password_digest" character varying NOT NULL, "session_token" character varying NOT NULL, "first_name" character varying NOT NULL, "last_name" character varying NOT NULL, "birth_date" date NOT NULL, "current_location" character varying NOT NULL, "phone_number" integer NOT NULL, "gender" character varying NOT NULL, "identity" character varying NOT NULL, "created_at" timestamp NOT NULL, "updated_at" timestamp NOT NULL)[0m
  ↳ db/migrate/20210405214620_create_users.rb:3
  [1m[35m (2.0ms)[0m  [1m[35mCREATE UNIQUE INDEX  "index_users_on_email" ON "users"  ("email")[0m
  ↳ db/migrate/20210405214620_create_users.rb:17
  [1m[35m (2.2ms)[0m  [1m[35mCREATE UNIQUE INDEX  "index_users_on_session_token" ON "users"  ("session_token")[0m
  ↳ db/migrate/20210405214620_create_users.rb:18
  [1m[36mActiveRecord::SchemaMigration Create (0.5ms)[0m  [1m[32mINSERT INTO "schema_migrations" ("version") VALUES ($1) RETURNING "version"[0m  [["version", "20210405214620"]]
  ↳ bin/rails:9
  [1m[35m (0.5ms)[0m  [1m[35mCOMMIT[0m
  ↳ bin/rails:9
  [1m[36mActiveRecord::InternalMetadata Load (4.2ms)[0m  [1m[34mSELECT  "ar_internal_metadata".* FROM "ar_internal_metadata" WHERE "ar_internal_metadata"."key" = $1 LIMIT $2[0m  [["key", "environment"], ["LIMIT", 1]]
  ↳ bin/rails:9
  [1m[35m (0.2ms)[0m  [1m[35mBEGIN[0m
  ↳ bin/rails:9
  [1m[36mActiveRecord::InternalMetadata Create (0.7ms)[0m  [1m[32mINSERT INTO "ar_internal_metadata" ("key", "value", "created_at", "updated_at") VALUES ($1, $2, $3, $4) RETURNING "key"[0m  [["key", "environment"], ["value", "development"], ["created_at", "2021-04-05 21:54:34.751841"], ["updated_at", "2021-04-05 21:54:34.751841"]]
  ↳ bin/rails:9
  [1m[35m (0.5ms)[0m  [1m[35mCOMMIT[0m
  ↳ bin/rails:9
  [1m[35m (0.2ms)[0m  [1m[34mSELECT pg_advisory_unlock(5653534512548134065)[0m
  ↳ bin/rails:9
  [1m[35m (0.3ms)[0m  [1m[34mSELECT "schema_migrations"."version" FROM "schema_migrations" ORDER BY "schema_migrations"."version" ASC[0m
  ↳ bin/rails:9
Started GET "/" for ::1 at 2021-04-05 17:57:15 -0700
  [1m[35m (8.5ms)[0m  [1m[34mSELECT "schema_migrations"."version" FROM "schema_migrations" ORDER BY "schema_migrations"."version" ASC[0m
  ↳ /home/adrian/.rbenv/versions/2.5.1/lib/ruby/gems/2.5.0/gems/activerecord-5.2.5/lib/active_record/log_subscriber.rb:98
Processing by Rails::WelcomeController#index as HTML
  Rendering /home/adrian/.rbenv/versions/2.5.1/lib/ruby/gems/2.5.0/gems/railties-5.2.5/lib/rails/templates/rails/welcome/index.html.erb
  Rendered /home/adrian/.rbenv/versions/2.5.1/lib/ruby/gems/2.5.0/gems/railties-5.2.5/lib/rails/templates/rails/welcome/index.html.erb (7.4ms)
Completed 200 OK in 49ms (Views: 27.7ms | ActiveRecord: 0.0ms)


Started GET "/api/users" for ::1 at 2021-04-05 17:57:20 -0700
  
ActionController::RoutingError (No route matches [GET] "/api/users"):
  
actionpack (5.2.5) lib/action_dispatch/middleware/debug_exceptions.rb:65:in `call'
web-console (3.7.0) lib/web_console/middleware.rb:135:in `call_app'
web-console (3.7.0) lib/web_console/middleware.rb:30:in `block in call'
web-console (3.7.0) lib/web_console/middleware.rb:20:in `catch'
web-console (3.7.0) lib/web_console/middleware.rb:20:in `call'
actionpack (5.2.5) lib/action_dispatch/middleware/show_exceptions.rb:33:in `call'
railties (5.2.5) lib/rails/rack/logger.rb:38:in `call_app'
railties (5.2.5) lib/rails/rack/logger.rb:26:in `block in call'
activesupport (5.2.5) lib/active_support/tagged_logging.rb:71:in `block in tagged'
activesupport (5.2.5) lib/active_support/tagged_logging.rb:28:in `tagged'
activesupport (5.2.5) lib/active_support/tagged_logging.rb:71:in `tagged'
railties (5.2.5) lib/rails/rack/logger.rb:26:in `call'
sprockets-rails (3.2.2) lib/sprockets/rails/quiet_assets.rb:13:in `call'
actionpack (5.2.5) lib/action_dispatch/middleware/remote_ip.rb:81:in `call'
actionpack (5.2.5) lib/action_dispatch/middleware/request_id.rb:27:in `call'
rack (2.2.3) lib/rack/method_override.rb:24:in `call'
rack (2.2.3) lib/rack/runtime.rb:22:in `call'
activesupport (5.2.5) lib/active_support/cache/strategy/local_cache_middleware.rb:29:in `call'
actionpack (5.2.5) lib/action_dispatch/middleware/executor.rb:14:in `call'
actionpack (5.2.5) lib/action_dispatch/middleware/static.rb:127:in `call'
rack (2.2.3) lib/rack/sendfile.rb:110:in `call'
railties (5.2.5) lib/rails/engine.rb:524:in `call'
puma (3.12.6) lib/puma/configuration.rb:227:in `call'
puma (3.12.6) lib/puma/server.rb:706:in `handle_request'
puma (3.12.6) lib/puma/server.rb:476:in `process_client'
puma (3.12.6) lib/puma/server.rb:334:in `block in run'
puma (3.12.6) lib/puma/thread_pool.rb:135:in `block in spawn_thread'
Started POST "/api/users?user[email]=hi@gmail.com&user[password]=[FILTERED]" for ::1 at 2021-04-05 17:58:48 -0700
Processing by Api::UsersController#create as JSON
  Parameters: {"user"=>{"email"=>"hi@gmail.com", "password"=>"[FILTERED]"}}
Can't verify CSRF token authenticity.
Completed 422 Unprocessable Entity in 1ms (ActiveRecord: 0.0ms)



ActionController::InvalidAuthenticityToken - ActionController::InvalidAuthenticityToken:

Started POST "/api/users?user[email]=hi@gmail.com&user[password]=[FILTERED]" for ::1 at 2021-04-05 18:09:50 -0700
Processing by Api::UsersController#create as JSON
  Parameters: {"user"=>{"email"=>"hi@gmail.com", "password"=>"[FILTERED]"}}
Can't verify CSRF token authenticity.
Completed 500 Internal Server Error in 6ms (ActiveRecord: 0.0ms)



ArgumentError - Range unspecified. Specify the :in, :within, :maximum, :minimum, or :is option.:
  app/models/user.rb:5:in `<class:User>'
  app/models/user.rb:1:in `<top (required)>'
  app/controllers/api/users_controller.rb:3:in `create'

Started POST "/api/users?user[email]=hi@gmail.com&user[password]=[FILTERED]" for ::1 at 2021-04-05 18:10:31 -0700
Processing by Api::UsersController#create as JSON
  Parameters: {"user"=>{"email"=>"hi@gmail.com", "password"=>"[FILTERED]"}}
Can't verify CSRF token authenticity.
  [1m[35m (0.6ms)[0m  [1m[35mBEGIN[0m
  ↳ app/controllers/api/users_controller.rb:5
  [1m[36mUser Exists (24.7ms)[0m  [1m[34mSELECT  1 AS one FROM "users" WHERE "users"."email" = $1 LIMIT $2[0m  [["email", "hi@gmail.com"], ["LIMIT", 1]]
  ↳ app/controllers/api/users_controller.rb:5
  [1m[36mUser Exists (0.3ms)[0m  [1m[34mSELECT  1 AS one FROM "users" WHERE "users"."session_token" = $1 LIMIT $2[0m  [["session_token", "jPRR7Kg4O8KnqLOvvjgsqg"], ["LIMIT", 1]]
  ↳ app/controllers/api/users_controller.rb:5
  [1m[35m (0.2ms)[0m  [1m[31mROLLBACK[0m
  ↳ app/controllers/api/users_controller.rb:5
Completed 404 Not Found in 394ms (Views: 0.7ms | ActiveRecord: 68.1ms)


Started POST "/api/users?user[email]=hi@gmail.com&user[password]=[FILTERED]&user[first_name]=Adrian&user[last_name]=Zaragoza&user[birth_date]=04/15/1800&user[current_location]=Santa%20Barbara,%20CA&user[phone_number]=5555555555&user[gender]=male&user[identity]=lgbtq+" for ::1 at 2021-04-05 18:16:46 -0700
Processing by Api::UsersController#create as JSON
  Parameters: {"user"=>{"email"=>"hi@gmail.com", "password"=>"[FILTERED]", "first_name"=>"Adrian", "last_name"=>"Zaragoza", "birth_date"=>"04/15/1800", "current_location"=>"Santa Barbara, CA", "phone_number"=>"5555555555", "gender"=>"male", "identity"=>"lgbtq "}}
Can't verify CSRF token authenticity.
  [1m[35m (0.2ms)[0m  [1m[35mBEGIN[0m
  ↳ app/controllers/api/users_controller.rb:5
  [1m[36mUser Exists (0.8ms)[0m  [1m[34mSELECT  1 AS one FROM "users" WHERE "users"."email" = $1 LIMIT $2[0m  [["email", "hi@gmail.com"], ["LIMIT", 1]]
  ↳ app/controllers/api/users_controller.rb:5
  [1m[36mUser Exists (0.3ms)[0m  [1m[34mSELECT  1 AS one FROM "users" WHERE "users"."session_token" = $1 LIMIT $2[0m  [["session_token", "oouFUkuKFn0o24SIiQfHkA"], ["LIMIT", 1]]
  ↳ app/controllers/api/users_controller.rb:5
  [1m[35m (0.4ms)[0m  [1m[31mROLLBACK[0m
  ↳ app/controllers/api/users_controller.rb:5
Completed 404 Not Found in 252ms (Views: 0.3ms | ActiveRecord: 1.7ms)


Started POST "/api/users?user[email]=hi@gmail.com&user[password]=[FILTERED]&user[first_name]=Adrian&user[last_name]=Zaragoza&user[birth_date]=15/04/1980&user[current_location]=Santa%20Barbara,%20CA&user[phone_number]=5555555555&user[gender]=male&user[identity]=lgbtq+" for ::1 at 2021-04-05 18:17:06 -0700
Processing by Api::UsersController#create as JSON
  Parameters: {"user"=>{"email"=>"hi@gmail.com", "password"=>"[FILTERED]", "first_name"=>"Adrian", "last_name"=>"Zaragoza", "birth_date"=>"15/04/1980", "current_location"=>"Santa Barbara, CA", "phone_number"=>"5555555555", "gender"=>"male", "identity"=>"lgbtq "}}
Can't verify CSRF token authenticity.
  [1m[35m (0.2ms)[0m  [1m[35mBEGIN[0m
  ↳ app/controllers/api/users_controller.rb:5
  [1m[36mUser Exists (0.3ms)[0m  [1m[34mSELECT  1 AS one FROM "users" WHERE "users"."email" = $1 LIMIT $2[0m  [["email", "hi@gmail.com"], ["LIMIT", 1]]
  ↳ app/controllers/api/users_controller.rb:5
  [1m[36mUser Exists (0.3ms)[0m  [1m[34mSELECT  1 AS one FROM "users" WHERE "users"."session_token" = $1 LIMIT $2[0m  [["session_token", "BETREzdimQL4ErKl-84c7g"], ["LIMIT", 1]]
  ↳ app/controllers/api/users_controller.rb:5
  [1m[35m (0.2ms)[0m  [1m[31mROLLBACK[0m
  ↳ app/controllers/api/users_controller.rb:5
Completed 500 Internal Server Error in 207ms (ActiveRecord: 1.1ms)



ActiveModel::RangeError - 5555555555 is out of range for ActiveModel::Type::Integer with limit 4 bytes:
  app/controllers/api/users_controller.rb:5:in `create'

  [1m[35m (3.0ms)[0m  [1m[34mSELECT pg_try_advisory_lock(5653534512548134065)[0m
  ↳ bin/rails:9
  [1m[35m (0.5ms)[0m  [1m[34mSELECT "schema_migrations"."version" FROM "schema_migrations" ORDER BY "schema_migrations"."version" ASC[0m
  ↳ bin/rails:9
Migrating to RemovePhoneNumberFromUsers (20210406013257)
  [1m[35m (0.2ms)[0m  [1m[35mBEGIN[0m
  ↳ bin/rails:9
  [1m[35m (9.5ms)[0m  [1m[35mALTER TABLE "users" DROP COLUMN "phone_number"[0m
  ↳ db/migrate/20210406013257_remove_phone_number_from_users.rb:3
  [1m[35m (8.0ms)[0m  [1m[35mALTER TABLE "users" ADD "phone_number" character varying[0m
  ↳ db/migrate/20210406013257_remove_phone_number_from_users.rb:4
  [1m[36mActiveRecord::SchemaMigration Create (2.2ms)[0m  [1m[32mINSERT INTO "schema_migrations" ("version") VALUES ($1) RETURNING "version"[0m  [["version", "20210406013257"]]
  ↳ bin/rails:9
  [1m[35m (5.6ms)[0m  [1m[35mCOMMIT[0m
  ↳ bin/rails:9
  [1m[36mActiveRecord::InternalMetadata Load (10.1ms)[0m  [1m[34mSELECT  "ar_internal_metadata".* FROM "ar_internal_metadata" WHERE "ar_internal_metadata"."key" = $1 LIMIT $2[0m  [["key", "environment"], ["LIMIT", 1]]
  ↳ bin/rails:9
  [1m[35m (0.2ms)[0m  [1m[35mBEGIN[0m
  ↳ bin/rails:9
  [1m[35m (0.1ms)[0m  [1m[35mCOMMIT[0m
  ↳ bin/rails:9
  [1m[35m (0.2ms)[0m  [1m[34mSELECT pg_advisory_unlock(5653534512548134065)[0m
  ↳ bin/rails:9
  [1m[35m (0.2ms)[0m  [1m[34mSELECT "schema_migrations"."version" FROM "schema_migrations" ORDER BY "schema_migrations"."version" ASC[0m
  ↳ bin/rails:9
  [1m[35m (0.2ms)[0m  [1m[34mSELECT pg_try_advisory_lock(5653534512548134065)[0m
  ↳ bin/rails:9
  [1m[35m (8.6ms)[0m  [1m[34mSELECT "schema_migrations"."version" FROM "schema_migrations" ORDER BY "schema_migrations"."version" ASC[0m
  ↳ bin/rails:9
Migrating to AddConstraintToColumnFromUsers (20210406014622)
  [1m[35m (0.2ms)[0m  [1m[35mBEGIN[0m
  ↳ bin/rails:9
  [1m[35m (0.4ms)[0m  [1m[35mALTER TABLE "users" ALTER COLUMN "phone_number" SET NOT NULL[0m
  ↳ db/migrate/20210406014622_add_constraint_to_column_from_users.rb:3
  [1m[36mActiveRecord::SchemaMigration Create (0.3ms)[0m  [1m[32mINSERT INTO "schema_migrations" ("version") VALUES ($1) RETURNING "version"[0m  [["version", "20210406014622"]]
  ↳ bin/rails:9
  [1m[35m (6.0ms)[0m  [1m[35mCOMMIT[0m
  ↳ bin/rails:9
  [1m[36mActiveRecord::InternalMetadata Load (4.5ms)[0m  [1m[34mSELECT  "ar_internal_metadata".* FROM "ar_internal_metadata" WHERE "ar_internal_metadata"."key" = $1 LIMIT $2[0m  [["key", "environment"], ["LIMIT", 1]]
  ↳ bin/rails:9
  [1m[35m (0.2ms)[0m  [1m[35mBEGIN[0m
  ↳ bin/rails:9
  [1m[35m (0.1ms)[0m  [1m[35mCOMMIT[0m
  ↳ bin/rails:9
  [1m[35m (0.3ms)[0m  [1m[34mSELECT pg_advisory_unlock(5653534512548134065)[0m
  ↳ bin/rails:9
  [1m[35m (0.2ms)[0m  [1m[34mSELECT "schema_migrations"."version" FROM "schema_migrations" ORDER BY "schema_migrations"."version" ASC[0m
  ↳ bin/rails:9
Started POST "/api/users?user[email]=hi@gmail.com&user[password]=[FILTERED]&user[first_name]=Adrian&user[last_name]=Zaragoza&user[birth_date]=15/04/1980&user[current_location]=Santa%20Barbara,%20CA&user[phone_number]=5555555555&user[gender]=male&user[identity]=lgbtq+" for ::1 at 2021-04-05 18:47:49 -0700
  [1m[35m (0.4ms)[0m  [1m[34mSELECT "schema_migrations"."version" FROM "schema_migrations" ORDER BY "schema_migrations"."version" ASC[0m
  ↳ /home/adrian/.rbenv/versions/2.5.1/lib/ruby/gems/2.5.0/gems/activerecord-5.2.5/lib/active_record/log_subscriber.rb:98
Processing by Api::UsersController#create as JSON
  Parameters: {"user"=>{"email"=>"hi@gmail.com", "password"=>"[FILTERED]", "first_name"=>"Adrian", "last_name"=>"Zaragoza", "birth_date"=>"15/04/1980", "current_location"=>"Santa Barbara, CA", "phone_number"=>"5555555555", "gender"=>"male", "identity"=>"lgbtq "}}
Can't verify CSRF token authenticity.
  [1m[35m (0.2ms)[0m  [1m[35mBEGIN[0m
  ↳ app/controllers/api/users_controller.rb:5
  [1m[36mUser Exists (1.0ms)[0m  [1m[34mSELECT  1 AS one FROM "users" WHERE "users"."email" = $1 LIMIT $2[0m  [["email", "hi@gmail.com"], ["LIMIT", 1]]
  ↳ app/controllers/api/users_controller.rb:5
  [1m[36mUser Exists (1.0ms)[0m  [1m[34mSELECT  1 AS one FROM "users" WHERE "users"."session_token" = $1 LIMIT $2[0m  [["session_token", "RJ9qyrdYV20DN3nl0BYYlA"], ["LIMIT", 1]]
  ↳ app/controllers/api/users_controller.rb:5
  [1m[36mUser Create (6.9ms)[0m  [1m[32mINSERT INTO "users" ("email", "password_digest", "session_token", "first_name", "last_name", "birth_date", "current_location", "gender", "identity", "created_at", "updated_at", "phone_number") VALUES ($1, $2, $3, $4, $5, $6, $7, $8, $9, $10, $11, $12) RETURNING "id"[0m  [["email", "hi@gmail.com"], ["password_digest", "$2a$12$eKwpxni9AznZzqFJVKebdOdryaNiDMj8fO6yM9zmR1jKJO.gLjrsa"], ["session_token", "RJ9qyrdYV20DN3nl0BYYlA"], ["first_name", "Adrian"], ["last_name", "Zaragoza"], ["birth_date", "1980-04-15"], ["current_location", "Santa Barbara, CA"], ["gender", "male"], ["identity", "lgbtq "], ["created_at", "2021-04-06 01:47:49.406472"], ["updated_at", "2021-04-06 01:47:49.406472"], ["phone_number", "5555555555"]]
  ↳ app/controllers/api/users_controller.rb:5
  [1m[35m (6.8ms)[0m  [1m[35mCOMMIT[0m
  ↳ app/controllers/api/users_controller.rb:5
Completed 500 Internal Server Error in 255ms (ActiveRecord: 20.2ms)



NoMethodError - undefined method `save' for "v9D-BLVgYnEyWfbRhfCT6g":String:
  app/models/user.rb:31:in `reset_session_token!'
  app/controllers/application_controller.rb:9:in `login!'
  app/controllers/api/users_controller.rb:6:in `create'

Started GET "/api/users" for ::1 at 2021-04-05 18:48:13 -0700
  
ActionController::RoutingError (No route matches [GET] "/api/users"):
  
actionpack (5.2.5) lib/action_dispatch/middleware/debug_exceptions.rb:65:in `call'
web-console (3.7.0) lib/web_console/middleware.rb:135:in `call_app'
web-console (3.7.0) lib/web_console/middleware.rb:30:in `block in call'
web-console (3.7.0) lib/web_console/middleware.rb:20:in `catch'
web-console (3.7.0) lib/web_console/middleware.rb:20:in `call'
actionpack (5.2.5) lib/action_dispatch/middleware/show_exceptions.rb:33:in `call'
railties (5.2.5) lib/rails/rack/logger.rb:38:in `call_app'
railties (5.2.5) lib/rails/rack/logger.rb:26:in `block in call'
activesupport (5.2.5) lib/active_support/tagged_logging.rb:71:in `block in tagged'
activesupport (5.2.5) lib/active_support/tagged_logging.rb:28:in `tagged'
activesupport (5.2.5) lib/active_support/tagged_logging.rb:71:in `tagged'
railties (5.2.5) lib/rails/rack/logger.rb:26:in `call'
sprockets-rails (3.2.2) lib/sprockets/rails/quiet_assets.rb:13:in `call'
actionpack (5.2.5) lib/action_dispatch/middleware/remote_ip.rb:81:in `call'
actionpack (5.2.5) lib/action_dispatch/middleware/request_id.rb:27:in `call'
rack (2.2.3) lib/rack/method_override.rb:24:in `call'
rack (2.2.3) lib/rack/runtime.rb:22:in `call'
activesupport (5.2.5) lib/active_support/cache/strategy/local_cache_middleware.rb:29:in `call'
actionpack (5.2.5) lib/action_dispatch/middleware/executor.rb:14:in `call'
actionpack (5.2.5) lib/action_dispatch/middleware/static.rb:127:in `call'
rack (2.2.3) lib/rack/sendfile.rb:110:in `call'
railties (5.2.5) lib/rails/engine.rb:524:in `call'
puma (3.12.6) lib/puma/configuration.rb:227:in `call'
puma (3.12.6) lib/puma/server.rb:706:in `handle_request'
puma (3.12.6) lib/puma/server.rb:476:in `process_client'
puma (3.12.6) lib/puma/server.rb:334:in `block in run'
puma (3.12.6) lib/puma/thread_pool.rb:135:in `block in spawn_thread'
Started GET "/api/" for ::1 at 2021-04-05 18:48:21 -0700
  
ActionController::RoutingError (No route matches [GET] "/api"):
  
actionpack (5.2.5) lib/action_dispatch/middleware/debug_exceptions.rb:65:in `call'
web-console (3.7.0) lib/web_console/middleware.rb:135:in `call_app'
web-console (3.7.0) lib/web_console/middleware.rb:30:in `block in call'
web-console (3.7.0) lib/web_console/middleware.rb:20:in `catch'
web-console (3.7.0) lib/web_console/middleware.rb:20:in `call'
actionpack (5.2.5) lib/action_dispatch/middleware/show_exceptions.rb:33:in `call'
railties (5.2.5) lib/rails/rack/logger.rb:38:in `call_app'
railties (5.2.5) lib/rails/rack/logger.rb:26:in `block in call'
activesupport (5.2.5) lib/active_support/tagged_logging.rb:71:in `block in tagged'
activesupport (5.2.5) lib/active_support/tagged_logging.rb:28:in `tagged'
activesupport (5.2.5) lib/active_support/tagged_logging.rb:71:in `tagged'
railties (5.2.5) lib/rails/rack/logger.rb:26:in `call'
sprockets-rails (3.2.2) lib/sprockets/rails/quiet_assets.rb:13:in `call'
actionpack (5.2.5) lib/action_dispatch/middleware/remote_ip.rb:81:in `call'
actionpack (5.2.5) lib/action_dispatch/middleware/request_id.rb:27:in `call'
rack (2.2.3) lib/rack/method_override.rb:24:in `call'
rack (2.2.3) lib/rack/runtime.rb:22:in `call'
activesupport (5.2.5) lib/active_support/cache/strategy/local_cache_middleware.rb:29:in `call'
actionpack (5.2.5) lib/action_dispatch/middleware/executor.rb:14:in `call'
actionpack (5.2.5) lib/action_dispatch/middleware/static.rb:127:in `call'
rack (2.2.3) lib/rack/sendfile.rb:110:in `call'
railties (5.2.5) lib/rails/engine.rb:524:in `call'
puma (3.12.6) lib/puma/configuration.rb:227:in `call'
puma (3.12.6) lib/puma/server.rb:706:in `handle_request'
puma (3.12.6) lib/puma/server.rb:476:in `process_client'
puma (3.12.6) lib/puma/server.rb:334:in `block in run'
puma (3.12.6) lib/puma/thread_pool.rb:135:in `block in spawn_thread'
Started GET "/" for ::1 at 2021-04-05 18:48:23 -0700
Processing by Rails::WelcomeController#index as HTML
  Rendering /home/adrian/.rbenv/versions/2.5.1/lib/ruby/gems/2.5.0/gems/railties-5.2.5/lib/rails/templates/rails/welcome/index.html.erb
  Rendered /home/adrian/.rbenv/versions/2.5.1/lib/ruby/gems/2.5.0/gems/railties-5.2.5/lib/rails/templates/rails/welcome/index.html.erb (1.4ms)
Completed 200 OK in 5ms (Views: 3.4ms | ActiveRecord: 0.0ms)


Started GET "/api/users" for ::1 at 2021-04-05 18:48:44 -0700
  
ActionController::RoutingError (No route matches [GET] "/api/users"):
  
actionpack (5.2.5) lib/action_dispatch/middleware/debug_exceptions.rb:65:in `call'
web-console (3.7.0) lib/web_console/middleware.rb:135:in `call_app'
web-console (3.7.0) lib/web_console/middleware.rb:30:in `block in call'
web-console (3.7.0) lib/web_console/middleware.rb:20:in `catch'
web-console (3.7.0) lib/web_console/middleware.rb:20:in `call'
actionpack (5.2.5) lib/action_dispatch/middleware/show_exceptions.rb:33:in `call'
railties (5.2.5) lib/rails/rack/logger.rb:38:in `call_app'
railties (5.2.5) lib/rails/rack/logger.rb:26:in `block in call'
activesupport (5.2.5) lib/active_support/tagged_logging.rb:71:in `block in tagged'
activesupport (5.2.5) lib/active_support/tagged_logging.rb:28:in `tagged'
activesupport (5.2.5) lib/active_support/tagged_logging.rb:71:in `tagged'
railties (5.2.5) lib/rails/rack/logger.rb:26:in `call'
sprockets-rails (3.2.2) lib/sprockets/rails/quiet_assets.rb:13:in `call'
actionpack (5.2.5) lib/action_dispatch/middleware/remote_ip.rb:81:in `call'
actionpack (5.2.5) lib/action_dispatch/middleware/request_id.rb:27:in `call'
rack (2.2.3) lib/rack/method_override.rb:24:in `call'
rack (2.2.3) lib/rack/runtime.rb:22:in `call'
activesupport (5.2.5) lib/active_support/cache/strategy/local_cache_middleware.rb:29:in `call'
actionpack (5.2.5) lib/action_dispatch/middleware/executor.rb:14:in `call'
actionpack (5.2.5) lib/action_dispatch/middleware/static.rb:127:in `call'
rack (2.2.3) lib/rack/sendfile.rb:110:in `call'
railties (5.2.5) lib/rails/engine.rb:524:in `call'
puma (3.12.6) lib/puma/configuration.rb:227:in `call'
puma (3.12.6) lib/puma/server.rb:706:in `handle_request'
puma (3.12.6) lib/puma/server.rb:476:in `process_client'
puma (3.12.6) lib/puma/server.rb:334:in `block in run'
puma (3.12.6) lib/puma/thread_pool.rb:135:in `block in spawn_thread'
Started POST "/api/users?user[email]=hi@gmail.com&user[password]=[FILTERED]&user[first_name]=Adrian&user[last_name]=Zaragoza&user[birth_date]=15/04/1980&user[current_location]=Santa%20Barbara,%20CA&user[phone_number]=5555555555&user[gender]=male&user[identity]=lgbtq+" for ::1 at 2021-04-05 18:51:50 -0700
Processing by Api::UsersController#create as JSON
  Parameters: {"user"=>{"email"=>"hi@gmail.com", "password"=>"[FILTERED]", "first_name"=>"Adrian", "last_name"=>"Zaragoza", "birth_date"=>"15/04/1980", "current_location"=>"Santa Barbara, CA", "phone_number"=>"5555555555", "gender"=>"male", "identity"=>"lgbtq "}}
Can't verify CSRF token authenticity.
  [1m[35m (0.2ms)[0m  [1m[35mBEGIN[0m
  ↳ app/controllers/api/users_controller.rb:5
  [1m[36mUser Exists (0.3ms)[0m  [1m[34mSELECT  1 AS one FROM "users" WHERE "users"."email" = $1 LIMIT $2[0m  [["email", "hi@gmail.com"], ["LIMIT", 1]]
  ↳ app/controllers/api/users_controller.rb:5
  [1m[36mUser Exists (0.2ms)[0m  [1m[34mSELECT  1 AS one FROM "users" WHERE "users"."session_token" = $1 LIMIT $2[0m  [["session_token", "Yp_rk4A3PRuTw7zppDD6KA"], ["LIMIT", 1]]
  ↳ app/controllers/api/users_controller.rb:5
  [1m[35m (0.1ms)[0m  [1m[31mROLLBACK[0m
  ↳ app/controllers/api/users_controller.rb:5
Completed 404 Not Found in 239ms (Views: 0.2ms | ActiveRecord: 3.8ms)


Started POST "/api/users?user[email]=hi2@gmail.com&user[password]=[FILTERED]&user[first_name]=Adrian&user[last_name]=Zaragoza&user[birth_date]=15/04/1980&user[current_location]=Santa%20Barbara,%20CA&user[phone_number]=5555555555&user[gender]=male&user[identity]=lgbtq+" for ::1 at 2021-04-05 18:52:11 -0700
Processing by Api::UsersController#create as JSON
  Parameters: {"user"=>{"email"=>"hi2@gmail.com", "password"=>"[FILTERED]", "first_name"=>"Adrian", "last_name"=>"Zaragoza", "birth_date"=>"15/04/1980", "current_location"=>"Santa Barbara, CA", "phone_number"=>"5555555555", "gender"=>"male", "identity"=>"lgbtq "}}
Can't verify CSRF token authenticity.
  [1m[35m (0.7ms)[0m  [1m[35mBEGIN[0m
  ↳ app/controllers/api/users_controller.rb:5
  [1m[36mUser Exists (0.3ms)[0m  [1m[34mSELECT  1 AS one FROM "users" WHERE "users"."email" = $1 LIMIT $2[0m  [["email", "hi2@gmail.com"], ["LIMIT", 1]]
  ↳ app/controllers/api/users_controller.rb:5
  [1m[36mUser Exists (0.3ms)[0m  [1m[34mSELECT  1 AS one FROM "users" WHERE "users"."session_token" = $1 LIMIT $2[0m  [["session_token", "odKLE74t10hd8wxlk9OfjA"], ["LIMIT", 1]]
  ↳ app/controllers/api/users_controller.rb:5
  [1m[36mUser Create (28.8ms)[0m  [1m[32mINSERT INTO "users" ("email", "password_digest", "session_token", "first_name", "last_name", "birth_date", "current_location", "gender", "identity", "created_at", "updated_at", "phone_number") VALUES ($1, $2, $3, $4, $5, $6, $7, $8, $9, $10, $11, $12) RETURNING "id"[0m  [["email", "hi2@gmail.com"], ["password_digest", "$2a$12$Cs1fljdJn0xgjCuKRbgC5eBB1IiIymmzGiUtxjtLrGviw0cJxtqdm"], ["session_token", "odKLE74t10hd8wxlk9OfjA"], ["first_name", "Adrian"], ["last_name", "Zaragoza"], ["birth_date", "1980-04-15"], ["current_location", "Santa Barbara, CA"], ["gender", "male"], ["identity", "lgbtq "], ["created_at", "2021-04-06 01:52:11.293970"], ["updated_at", "2021-04-06 01:52:11.293970"], ["phone_number", "5555555555"]]
  ↳ app/controllers/api/users_controller.rb:5
  [1m[35m (0.5ms)[0m  [1m[35mCOMMIT[0m
  ↳ app/controllers/api/users_controller.rb:5
  [1m[35m (0.2ms)[0m  [1m[35mBEGIN[0m
  ↳ app/models/user.rb:31
  [1m[36mUser Exists (0.6ms)[0m  [1m[34mSELECT  1 AS one FROM "users" WHERE "users"."email" = $1 AND "users"."id" != $2 LIMIT $3[0m  [["email", "hi2@gmail.com"], ["id", 2], ["LIMIT", 1]]
  ↳ app/models/user.rb:31
  [1m[36mUser Exists (0.3ms)[0m  [1m[34mSELECT  1 AS one FROM "users" WHERE "users"."session_token" = $1 AND "users"."id" != $2 LIMIT $3[0m  [["session_token", "v1nMKUJifcYwBm-SUqm7MA"], ["id", 2], ["LIMIT", 1]]
  ↳ app/models/user.rb:31
  [1m[36mUser Update (0.6ms)[0m  [1m[33mUPDATE "users" SET "session_token" = $1, "updated_at" = $2 WHERE "users"."id" = $3[0m  [["session_token", "v1nMKUJifcYwBm-SUqm7MA"], ["updated_at", "2021-04-06 01:52:11.332509"], ["id", 2]]
  ↳ app/models/user.rb:31
  [1m[35m (0.4ms)[0m  [1m[35mCOMMIT[0m
  ↳ app/models/user.rb:31
  Rendering api/users/show.json.jbuilder
  Rendered api/users/show.json.jbuilder (0.5ms)
Completed 200 OK in 270ms (Views: 15.8ms | ActiveRecord: 32.7ms)


Started POST "/api/users?user[email]=test@gmail.com&user[password]=[FILTERED]&user[first_name]=John&user[last_name]=Smith&user[birth_date]=04/20/2000&user[current_location]=New%20York,%20NY&user[phone_number]=8888888888&user[gender]=male&user[identity]=lgbtq" for ::1 at 2021-04-05 21:01:54 -0700
Processing by Api::UsersController#create as JSON
  Parameters: {"user"=>{"email"=>"test@gmail.com", "password"=>"[FILTERED]", "first_name"=>"John", "last_name"=>"Smith", "birth_date"=>"04/20/2000", "current_location"=>"New York, NY", "phone_number"=>"8888888888", "gender"=>"male", "identity"=>"lgbtq"}}
Can't verify CSRF token authenticity.
  [1m[35m (0.2ms)[0m  [1m[35mBEGIN[0m
  ↳ app/controllers/api/users_controller.rb:5
  [1m[36mUser Exists (7.5ms)[0m  [1m[34mSELECT  1 AS one FROM "users" WHERE "users"."email" = $1 LIMIT $2[0m  [["email", "test@gmail.com"], ["LIMIT", 1]]
  ↳ app/controllers/api/users_controller.rb:5
  [1m[36mUser Exists (1.6ms)[0m  [1m[34mSELECT  1 AS one FROM "users" WHERE "users"."session_token" = $1 LIMIT $2[0m  [["session_token", "KE5_pOnyoyQDXfXL0xKUbA"], ["LIMIT", 1]]
  ↳ app/controllers/api/users_controller.rb:5
  [1m[35m (0.2ms)[0m  [1m[31mROLLBACK[0m
  ↳ app/controllers/api/users_controller.rb:5
Completed 404 Not Found in 224ms (Views: 0.2ms | ActiveRecord: 9.6ms)


Started POST "/api/users?user[email]=test@gmail.com&user[password]=[FILTERED]&user[first_name]=John&user[last_name]=Smith&user[birth_date]=2000/03/25&user[current_location]=New%20York,%20NY&user[phone_number]=8888888888&user[gender]=male&user[identity]=lgbtq" for ::1 at 2021-04-05 21:02:54 -0700
Processing by Api::UsersController#create as JSON
  Parameters: {"user"=>{"email"=>"test@gmail.com", "password"=>"[FILTERED]", "first_name"=>"John", "last_name"=>"Smith", "birth_date"=>"2000/03/25", "current_location"=>"New York, NY", "phone_number"=>"8888888888", "gender"=>"male", "identity"=>"lgbtq"}}
Can't verify CSRF token authenticity.
  [1m[35m (0.7ms)[0m  [1m[35mBEGIN[0m
  ↳ app/controllers/api/users_controller.rb:5
  [1m[36mUser Exists (0.7ms)[0m  [1m[34mSELECT  1 AS one FROM "users" WHERE "users"."email" = $1 LIMIT $2[0m  [["email", "test@gmail.com"], ["LIMIT", 1]]
  ↳ app/controllers/api/users_controller.rb:5
  [1m[36mUser Exists (0.2ms)[0m  [1m[34mSELECT  1 AS one FROM "users" WHERE "users"."session_token" = $1 LIMIT $2[0m  [["session_token", "FXfJfY1DanS5af8zXbfMVA"], ["LIMIT", 1]]
  ↳ app/controllers/api/users_controller.rb:5
  [1m[36mUser Create (11.0ms)[0m  [1m[32mINSERT INTO "users" ("email", "password_digest", "session_token", "first_name", "last_name", "birth_date", "current_location", "gender", "identity", "created_at", "updated_at", "phone_number") VALUES ($1, $2, $3, $4, $5, $6, $7, $8, $9, $10, $11, $12) RETURNING "id"[0m  [["email", "test@gmail.com"], ["password_digest", "$2a$12$Dco8MVJKKIhJBUW2k842DOmCXfLS3ThCYt8usk5j9DcwrNOXbp8rW"], ["session_token", "FXfJfY1DanS5af8zXbfMVA"], ["first_name", "John"], ["last_name", "Smith"], ["birth_date", "2000-03-25"], ["current_location", "New York, NY"], ["gender", "male"], ["identity", "lgbtq"], ["created_at", "2021-04-06 04:02:54.878585"], ["updated_at", "2021-04-06 04:02:54.878585"], ["phone_number", "8888888888"]]
  ↳ app/controllers/api/users_controller.rb:5
  [1m[35m (5.4ms)[0m  [1m[35mCOMMIT[0m
  ↳ app/controllers/api/users_controller.rb:5
  [1m[35m (0.2ms)[0m  [1m[35mBEGIN[0m
  ↳ app/models/user.rb:31
  [1m[36mUser Exists (1.8ms)[0m  [1m[34mSELECT  1 AS one FROM "users" WHERE "users"."email" = $1 AND "users"."id" != $2 LIMIT $3[0m  [["email", "test@gmail.com"], ["id", 3], ["LIMIT", 1]]
  ↳ app/models/user.rb:31
  [1m[36mUser Exists (0.4ms)[0m  [1m[34mSELECT  1 AS one FROM "users" WHERE "users"."session_token" = $1 AND "users"."id" != $2 LIMIT $3[0m  [["session_token", "Ue-chkvJKjmZ0gNTg9FY4A"], ["id", 3], ["LIMIT", 1]]
  ↳ app/models/user.rb:31
  [1m[36mUser Update (0.8ms)[0m  [1m[33mUPDATE "users" SET "session_token" = $1, "updated_at" = $2 WHERE "users"."id" = $3[0m  [["session_token", "Ue-chkvJKjmZ0gNTg9FY4A"], ["updated_at", "2021-04-06 04:02:54.911117"], ["id", 3]]
  ↳ app/models/user.rb:31
  [1m[35m (0.3ms)[0m  [1m[35mCOMMIT[0m
  ↳ app/models/user.rb:31
  Rendering api/users/show.json.jbuilder
  Rendered api/users/show.json.jbuilder (0.4ms)
Completed 200 OK in 246ms (Views: 3.3ms | ActiveRecord: 21.3ms)


Started POST "/api/session?user[email]=test@gmail.com&user[password]=[FILTERED]" for ::1 at 2021-04-05 21:13:03 -0700
Processing by Api::SessionsController#create as JSON
  Parameters: {"user"=>{"email"=>"test@gmail.com", "password"=>"[FILTERED]"}}
Can't verify CSRF token authenticity.
  [1m[36mUser Load (25.0ms)[0m  [1m[34mSELECT  "users".* FROM "users" WHERE "users"."email" = $1 LIMIT $2[0m  [["email", "test@gmail.com"], ["LIMIT", 1]]
  ↳ app/models/user.rb:11
Completed 500 Internal Server Error in 42ms (ActiveRecord: 25.2ms)



NoMethodError - undefined method `is_password?' for #<Class:0x00007fe860061b98>:
  app/models/user.rb:13:in `find_by_credentials'
  app/controllers/api/sessions_controller.rb:3:in `create'

Started POST "/api/session?user[email]=test@gmail.com&user[password]=[FILTERED]" for ::1 at 2021-04-05 21:14:51 -0700
Processing by Api::SessionsController#create as JSON
  Parameters: {"user"=>{"email"=>"test@gmail.com", "password"=>"[FILTERED]"}}
Can't verify CSRF token authenticity.
  [1m[36mUser Load (0.3ms)[0m  [1m[34mSELECT  "users".* FROM "users" WHERE "users"."email" = $1 LIMIT $2[0m  [["email", "test@gmail.com"], ["LIMIT", 1]]
  ↳ app/models/user.rb:11
Completed 500 Internal Server Error in 78ms (ActiveRecord: 30.3ms)



NoMethodError - undefined method `is_password?' for #<Class:0x00007fffd9978700>:
  app/models/user.rb:13:in `find_by_credentials'
  app/controllers/api/sessions_controller.rb:3:in `create'

Started POST "/api/session?user[email]=test@gmail.com&user[password]=[FILTERED]" for ::1 at 2021-04-05 21:16:31 -0700
Processing by Api::SessionsController#create as JSON
  Parameters: {"user"=>{"email"=>"test@gmail.com", "password"=>"[FILTERED]"}}
Can't verify CSRF token authenticity.
  [1m[36mUser Load (0.3ms)[0m  [1m[34mSELECT  "users".* FROM "users" WHERE "users"."email" = $1 LIMIT $2[0m  [["email", "test@gmail.com"], ["LIMIT", 1]]
  ↳ app/models/user.rb:11
  [1m[35m (0.3ms)[0m  [1m[35mBEGIN[0m
  ↳ app/models/user.rb:31
  [1m[36mUser Exists (0.3ms)[0m  [1m[34mSELECT  1 AS one FROM "users" WHERE "users"."email" = $1 AND "users"."id" != $2 LIMIT $3[0m  [["email", "test@gmail.com"], ["id", 3], ["LIMIT", 1]]
  ↳ app/models/user.rb:31
  [1m[36mUser Exists (0.2ms)[0m  [1m[34mSELECT  1 AS one FROM "users" WHERE "users"."session_token" = $1 AND "users"."id" != $2 LIMIT $3[0m  [["session_token", "vQ0v8VS5eJhG1r60I0aXzw"], ["id", 3], ["LIMIT", 1]]
  ↳ app/models/user.rb:31
  [1m[36mUser Update (0.6ms)[0m  [1m[33mUPDATE "users" SET "session_token" = $1, "updated_at" = $2 WHERE "users"."id" = $3[0m  [["session_token", "vQ0v8VS5eJhG1r60I0aXzw"], ["updated_at", "2021-04-06 04:16:31.572472"], ["id", 3]]
  ↳ app/models/user.rb:31
  [1m[35m (6.5ms)[0m  [1m[35mCOMMIT[0m
  ↳ app/models/user.rb:31
  Rendering api/users/show.json.jbuilder
  Rendered api/users/show.json.jbuilder (0.4ms)
Completed 200 OK in 267ms (Views: 3.9ms | ActiveRecord: 15.8ms)


Started DELETE "/api/session" for ::1 at 2021-04-05 21:17:25 -0700
Processing by Api::SessionsController#destroy as JSON
Can't verify CSRF token authenticity.
  [1m[36mUser Load (0.2ms)[0m  [1m[34mSELECT  "users".* FROM "users" LIMIT $1[0m  [["LIMIT", 1]]
  ↳ app/controllers/application_controller.rb:5
  [1m[35m (0.1ms)[0m  [1m[35mBEGIN[0m
  ↳ app/models/user.rb:31
  [1m[36mUser Exists (0.2ms)[0m  [1m[34mSELECT  1 AS one FROM "users" WHERE "users"."email" = $1 AND "users"."id" != $2 LIMIT $3[0m  [["email", "hi@gmail.com"], ["id", 1], ["LIMIT", 1]]
  ↳ app/models/user.rb:31
  [1m[36mUser Exists (1.5ms)[0m  [1m[34mSELECT  1 AS one FROM "users" WHERE "users"."session_token" = $1 AND "users"."id" != $2 LIMIT $3[0m  [["session_token", "t-dMjyWawMnhoyqhaB6bKQ"], ["id", 1], ["LIMIT", 1]]
  ↳ app/models/user.rb:31
  [1m[36mUser Update (0.3ms)[0m  [1m[33mUPDATE "users" SET "session_token" = $1, "updated_at" = $2 WHERE "users"."id" = $3[0m  [["session_token", "t-dMjyWawMnhoyqhaB6bKQ"], ["updated_at", "2021-04-06 04:17:25.183493"], ["id", 1]]
  ↳ app/models/user.rb:31
  [1m[35m (5.0ms)[0m  [1m[35mCOMMIT[0m
  ↳ app/models/user.rb:31
No template found for Api::SessionsController#destroy, rendering head :no_content
Completed 204 No Content in 80ms (ActiveRecord: 7.3ms)


Started POST "/api/session?user[email]=test@gmail.com&user[password]=[FILTERED]" for ::1 at 2021-04-05 21:20:30 -0700
Processing by Api::SessionsController#create as JSON
  Parameters: {"user"=>{"email"=>"test@gmail.com", "password"=>"[FILTERED]"}}
Can't verify CSRF token authenticity.
  [1m[36mUser Load (0.2ms)[0m  [1m[34mSELECT  "users".* FROM "users" WHERE "users"."email" = $1 LIMIT $2[0m  [["email", "test@gmail.com"], ["LIMIT", 1]]
  ↳ app/models/user.rb:11
  [1m[35m (0.2ms)[0m  [1m[35mBEGIN[0m
  ↳ app/models/user.rb:31
  [1m[36mUser Exists (0.5ms)[0m  [1m[34mSELECT  1 AS one FROM "users" WHERE "users"."email" = $1 AND "users"."id" != $2 LIMIT $3[0m  [["email", "test@gmail.com"], ["id", 3], ["LIMIT", 1]]
  ↳ app/models/user.rb:31
  [1m[36mUser Exists (0.4ms)[0m  [1m[34mSELECT  1 AS one FROM "users" WHERE "users"."session_token" = $1 AND "users"."id" != $2 LIMIT $3[0m  [["session_token", "byziBIlRJaMZpfMvc2Fwyw"], ["id", 3], ["LIMIT", 1]]
  ↳ app/models/user.rb:31
  [1m[36mUser Update (1.7ms)[0m  [1m[33mUPDATE "users" SET "session_token" = $1, "updated_at" = $2 WHERE "users"."id" = $3[0m  [["session_token", "byziBIlRJaMZpfMvc2Fwyw"], ["updated_at", "2021-04-06 04:20:30.831027"], ["id", 3]]
  ↳ app/models/user.rb:31
  [1m[35m (2.2ms)[0m  [1m[35mCOMMIT[0m
  ↳ app/models/user.rb:31
  Rendering api/users/show.json.jbuilder
  Rendered api/users/show.json.jbuilder (0.3ms)
Completed 200 OK in 233ms (Views: 3.9ms | ActiveRecord: 7.9ms)


Started DELETE "/api/session" for ::1 at 2021-04-05 21:20:45 -0700
Processing by Api::SessionsController#destroy as JSON
Can't verify CSRF token authenticity.
  [1m[36mUser Load (0.2ms)[0m  [1m[34mSELECT  "users".* FROM "users" LIMIT $1[0m  [["LIMIT", 1]]
  ↳ app/controllers/application_controller.rb:5
  [1m[35m (0.2ms)[0m  [1m[35mBEGIN[0m
  ↳ app/models/user.rb:31
  [1m[36mUser Exists (0.9ms)[0m  [1m[34mSELECT  1 AS one FROM "users" WHERE "users"."email" = $1 AND "users"."id" != $2 LIMIT $3[0m  [["email", "hi2@gmail.com"], ["id", 2], ["LIMIT", 1]]
  ↳ app/models/user.rb:31
  [1m[36mUser Exists (0.8ms)[0m  [1m[34mSELECT  1 AS one FROM "users" WHERE "users"."session_token" = $1 AND "users"."id" != $2 LIMIT $3[0m  [["session_token", "EUXCNQzvj21RI94Zu4s_6w"], ["id", 2], ["LIMIT", 1]]
  ↳ app/models/user.rb:31
  [1m[36mUser Update (5.6ms)[0m  [1m[33mUPDATE "users" SET "session_token" = $1, "updated_at" = $2 WHERE "users"."id" = $3[0m  [["session_token", "EUXCNQzvj21RI94Zu4s_6w"], ["updated_at", "2021-04-06 04:20:45.777587"], ["id", 2]]
  ↳ app/models/user.rb:31
  [1m[35m (0.5ms)[0m  [1m[35mCOMMIT[0m
  ↳ app/models/user.rb:31
  [1m[36mUser Load (0.3ms)[0m  [1m[34mSELECT  "users".* FROM "users" LIMIT $1[0m  [["LIMIT", 1]]
  ↳ app/controllers/application_controller.rb:5
Completed 200 OK in 18ms (Views: 0.1ms | ActiveRecord: 8.4ms)


Started GET "/" for ::1 at 2021-04-05 23:20:26 -0700
  [1m[35m (11.9ms)[0m  [1m[34mSELECT "schema_migrations"."version" FROM "schema_migrations" ORDER BY "schema_migrations"."version" ASC[0m
  ↳ /home/adrian/.rbenv/versions/2.5.1/lib/ruby/gems/2.5.0/gems/activerecord-5.2.5/lib/active_record/log_subscriber.rb:98
Processing by StaticPagesController#root as HTML
  Rendering static_pages/root.html within layouts/application
  Rendered static_pages/root.html within layouts/application (1.3ms)
Completed 200 OK in 1640ms (Views: 1632.6ms | ActiveRecord: 0.0ms)


Started GET "/" for ::1 at 2021-04-06 09:23:12 -0700
  [1m[35m (10.0ms)[0m  [1m[34mSELECT "schema_migrations"."version" FROM "schema_migrations" ORDER BY "schema_migrations"."version" ASC[0m
  ↳ /home/adrian/.rbenv/versions/2.5.1/lib/ruby/gems/2.5.0/gems/activerecord-5.2.5/lib/active_record/log_subscriber.rb:98
Processing by StaticPagesController#root as HTML
  Rendering static_pages/root.html within layouts/application
  Rendered static_pages/root.html within layouts/application (7.9ms)
Completed 200 OK in 1584ms (Views: 1574.7ms | ActiveRecord: 0.0ms)


Started GET "/" for ::1 at 2021-04-06 10:53:13 -0700
Processing by StaticPagesController#root as HTML
  Rendering static_pages/root.html within layouts/application
  Rendered static_pages/root.html within layouts/application (0.3ms)
Completed 200 OK in 24ms (Views: 23.1ms | ActiveRecord: 0.0ms)


Started GET "/" for ::1 at 2021-04-06 14:34:08 -0700
Processing by StaticPagesController#root as HTML
  Rendering static_pages/root.html within layouts/application
  Rendered static_pages/root.html within layouts/application (0.4ms)
Completed 200 OK in 24ms (Views: 22.8ms | ActiveRecord: 0.0ms)


Started GET "/api/" for ::1 at 2021-04-06 14:34:18 -0700
  
ActionController::RoutingError (No route matches [GET] "/api"):
  
actionpack (5.2.5) lib/action_dispatch/middleware/debug_exceptions.rb:65:in `call'
web-console (3.7.0) lib/web_console/middleware.rb:135:in `call_app'
web-console (3.7.0) lib/web_console/middleware.rb:30:in `block in call'
web-console (3.7.0) lib/web_console/middleware.rb:20:in `catch'
web-console (3.7.0) lib/web_console/middleware.rb:20:in `call'
actionpack (5.2.5) lib/action_dispatch/middleware/show_exceptions.rb:33:in `call'
railties (5.2.5) lib/rails/rack/logger.rb:38:in `call_app'
railties (5.2.5) lib/rails/rack/logger.rb:26:in `block in call'
activesupport (5.2.5) lib/active_support/tagged_logging.rb:71:in `block in tagged'
activesupport (5.2.5) lib/active_support/tagged_logging.rb:28:in `tagged'
activesupport (5.2.5) lib/active_support/tagged_logging.rb:71:in `tagged'
railties (5.2.5) lib/rails/rack/logger.rb:26:in `call'
sprockets-rails (3.2.2) lib/sprockets/rails/quiet_assets.rb:13:in `call'
actionpack (5.2.5) lib/action_dispatch/middleware/remote_ip.rb:81:in `call'
actionpack (5.2.5) lib/action_dispatch/middleware/request_id.rb:27:in `call'
rack (2.2.3) lib/rack/method_override.rb:24:in `call'
rack (2.2.3) lib/rack/runtime.rb:22:in `call'
activesupport (5.2.5) lib/active_support/cache/strategy/local_cache_middleware.rb:29:in `call'
actionpack (5.2.5) lib/action_dispatch/middleware/executor.rb:14:in `call'
actionpack (5.2.5) lib/action_dispatch/middleware/static.rb:127:in `call'
rack (2.2.3) lib/rack/sendfile.rb:110:in `call'
railties (5.2.5) lib/rails/engine.rb:524:in `call'
puma (3.12.6) lib/puma/configuration.rb:227:in `call'
puma (3.12.6) lib/puma/server.rb:706:in `handle_request'
puma (3.12.6) lib/puma/server.rb:476:in `process_client'
puma (3.12.6) lib/puma/server.rb:334:in `block in run'
puma (3.12.6) lib/puma/thread_pool.rb:135:in `block in spawn_thread'
Started GET "/api/" for ::1 at 2021-04-06 15:05:41 -0700
  
ActionController::RoutingError (No route matches [GET] "/api"):
  
actionpack (5.2.5) lib/action_dispatch/middleware/debug_exceptions.rb:65:in `call'
web-console (3.7.0) lib/web_console/middleware.rb:135:in `call_app'
web-console (3.7.0) lib/web_console/middleware.rb:30:in `block in call'
web-console (3.7.0) lib/web_console/middleware.rb:20:in `catch'
web-console (3.7.0) lib/web_console/middleware.rb:20:in `call'
actionpack (5.2.5) lib/action_dispatch/middleware/show_exceptions.rb:33:in `call'
railties (5.2.5) lib/rails/rack/logger.rb:38:in `call_app'
railties (5.2.5) lib/rails/rack/logger.rb:26:in `block in call'
activesupport (5.2.5) lib/active_support/tagged_logging.rb:71:in `block in tagged'
activesupport (5.2.5) lib/active_support/tagged_logging.rb:28:in `tagged'
activesupport (5.2.5) lib/active_support/tagged_logging.rb:71:in `tagged'
railties (5.2.5) lib/rails/rack/logger.rb:26:in `call'
sprockets-rails (3.2.2) lib/sprockets/rails/quiet_assets.rb:13:in `call'
actionpack (5.2.5) lib/action_dispatch/middleware/remote_ip.rb:81:in `call'
actionpack (5.2.5) lib/action_dispatch/middleware/request_id.rb:27:in `call'
rack (2.2.3) lib/rack/method_override.rb:24:in `call'
rack (2.2.3) lib/rack/runtime.rb:22:in `call'
activesupport (5.2.5) lib/active_support/cache/strategy/local_cache_middleware.rb:29:in `call'
actionpack (5.2.5) lib/action_dispatch/middleware/executor.rb:14:in `call'
actionpack (5.2.5) lib/action_dispatch/middleware/static.rb:127:in `call'
rack (2.2.3) lib/rack/sendfile.rb:110:in `call'
railties (5.2.5) lib/rails/engine.rb:524:in `call'
puma (3.12.6) lib/puma/configuration.rb:227:in `call'
puma (3.12.6) lib/puma/server.rb:706:in `handle_request'
puma (3.12.6) lib/puma/server.rb:476:in `process_client'
puma (3.12.6) lib/puma/server.rb:334:in `block in run'
puma (3.12.6) lib/puma/thread_pool.rb:135:in `block in spawn_thread'
Started GET "/" for ::1 at 2021-04-06 15:05:48 -0700
Processing by StaticPagesController#root as HTML
  Rendering static_pages/root.html within layouts/application
  Rendered static_pages/root.html within layouts/application (0.3ms)
Completed 200 OK in 393ms (Views: 391.5ms | ActiveRecord: 0.0ms)


Started GET "/" for ::1 at 2021-04-06 15:17:33 -0700
Processing by StaticPagesController#root as HTML
  Rendering static_pages/root.html within layouts/application
  Rendered static_pages/root.html within layouts/application (0.6ms)
Completed 200 OK in 376ms (Views: 374.0ms | ActiveRecord: 0.0ms)


Started GET "/" for ::1 at 2021-04-06 15:20:14 -0700
Processing by StaticPagesController#root as HTML
  Rendering static_pages/root.html within layouts/application
  Rendered static_pages/root.html within layouts/application (0.3ms)
Completed 200 OK in 340ms (Views: 339.1ms | ActiveRecord: 0.0ms)


Started GET "/" for ::1 at 2021-04-06 15:22:37 -0700
Processing by StaticPagesController#root as HTML
  Rendering static_pages/root.html within layouts/application
  Rendered static_pages/root.html within layouts/application (0.2ms)
Completed 200 OK in 406ms (Views: 404.7ms | ActiveRecord: 0.0ms)


Started GET "/" for ::1 at 2021-04-06 15:26:59 -0700
Processing by StaticPagesController#root as HTML
  Rendering static_pages/root.html within layouts/application
  Rendered static_pages/root.html within layouts/application (0.3ms)
Completed 200 OK in 359ms (Views: 356.1ms | ActiveRecord: 0.0ms)


  [1m[36mUser Load (18.8ms)[0m  [1m[34mSELECT "users".* FROM "users"[0m
Started GET "/" for ::1 at 2021-04-06 15:56:33 -0700
Processing by StaticPagesController#root as HTML
  Rendering static_pages/root.html within layouts/application
  Rendered static_pages/root.html within layouts/application (0.3ms)
Completed 200 OK in 377ms (Views: 375.4ms | ActiveRecord: 0.0ms)


Started GET "/" for ::1 at 2021-04-06 15:57:08 -0700
Processing by StaticPagesController#root as HTML
  Rendering static_pages/root.html within layouts/application
  Rendered static_pages/root.html within layouts/application (0.2ms)
Completed 200 OK in 173ms (Views: 171.5ms | ActiveRecord: 0.0ms)


Started POST "/api/users" for ::1 at 2021-04-06 15:58:53 -0700
Processing by Api::UsersController#create as JSON
  Parameters: {"user"=>{"email"=>"mary@gmail", "password"=>"[FILTERED]", "firstName"=>"Mary", "lastName"=>"Poppins", "birthDate"=>"1960-08-20", "currentLocation"=>"Wonderland", "phoneNumber"=>"456456545", "gender"=>"", "identity"=>""}}
Unpermitted parameters: :firstName, :lastName, :birthDate, :currentLocation, :phoneNumber
  [1m[35m (3.8ms)[0m  [1m[35mBEGIN[0m
  ↳ app/controllers/api/users_controller.rb:5
  [1m[36mUser Exists (1.9ms)[0m  [1m[34mSELECT  1 AS one FROM "users" WHERE "users"."email" = $1 LIMIT $2[0m  [["email", "mary@gmail"], ["LIMIT", 1]]
  ↳ app/controllers/api/users_controller.rb:5
  [1m[36mUser Exists (0.8ms)[0m  [1m[34mSELECT  1 AS one FROM "users" WHERE "users"."session_token" = $1 LIMIT $2[0m  [["session_token", "SeMGZPRRMVKKTDaUPDlHyQ"], ["LIMIT", 1]]
  ↳ app/controllers/api/users_controller.rb:5
  [1m[35m (0.2ms)[0m  [1m[31mROLLBACK[0m
  ↳ app/controllers/api/users_controller.rb:5
Completed 404 Not Found in 297ms (Views: 0.2ms | ActiveRecord: 11.0ms)


  [1m[36mUser Load (0.5ms)[0m  [1m[34mSELECT "users".* FROM "users"[0m
Started GET "/" for ::1 at 2021-04-06 16:02:28 -0700
Processing by StaticPagesController#root as HTML
  Rendering static_pages/root.html within layouts/application
  Rendered static_pages/root.html within layouts/application (0.3ms)
Completed 200 OK in 55ms (Views: 54.0ms | ActiveRecord: 0.0ms)


Started GET "/" for ::1 at 2021-04-06 16:02:30 -0700
Processing by StaticPagesController#root as HTML
  Rendering static_pages/root.html within layouts/application
  Rendered static_pages/root.html within layouts/application (0.4ms)
Completed 200 OK in 31ms (Views: 27.6ms | ActiveRecord: 0.0ms)


Started GET "/" for ::1 at 2021-04-06 16:05:29 -0700
Processing by StaticPagesController#root as HTML
  Rendering static_pages/root.html within layouts/application
  Rendered static_pages/root.html within layouts/application (0.3ms)
Completed 200 OK in 492ms (Views: 486.0ms | ActiveRecord: 0.0ms)


Started GET "/" for ::1 at 2021-04-06 19:50:27 -0700
  [1m[35m (7.6ms)[0m  [1m[34mSELECT "schema_migrations"."version" FROM "schema_migrations" ORDER BY "schema_migrations"."version" ASC[0m
  ↳ /home/adrian/.rbenv/versions/2.5.1/lib/ruby/gems/2.5.0/gems/activerecord-5.2.5/lib/active_record/log_subscriber.rb:98
Processing by StaticPagesController#root as HTML
  Rendering static_pages/root.html within layouts/application
  Rendered static_pages/root.html within layouts/application (5.4ms)
Completed 200 OK in 1654ms (Views: 1646.6ms | ActiveRecord: 0.0ms)


Started GET "/" for ::1 at 2021-04-06 19:50:51 -0700
Processing by StaticPagesController#root as HTML
  Rendering static_pages/root.html within layouts/application
  Rendered static_pages/root.html within layouts/application (0.2ms)
Completed 200 OK in 274ms (Views: 272.4ms | ActiveRecord: 0.0ms)


Started POST "/api/users" for ::1 at 2021-04-06 19:52:23 -0700
Processing by Api::UsersController#create as JSON
  Parameters: {"user"=>{"email"=>"mary@gmail.com", "password"=>"[FILTERED]", "firstName"=>"Mary", "lastName"=>"Poppins", "birthDate"=>"1960-08-20", "currentLocation"=>"Wonderland", "phoneNumber"=>"5465345", "gender"=>"", "identity"=>""}}
Unpermitted parameters: :firstName, :lastName, :birthDate, :currentLocation, :phoneNumber
  [1m[35m (0.2ms)[0m  [1m[35mBEGIN[0m
  ↳ app/controllers/api/users_controller.rb:5
  [1m[36mUser Exists (13.3ms)[0m  [1m[34mSELECT  1 AS one FROM "users" WHERE "users"."email" = $1 LIMIT $2[0m  [["email", "mary@gmail.com"], ["LIMIT", 1]]
  ↳ app/controllers/api/users_controller.rb:5
  [1m[36mUser Exists (0.3ms)[0m  [1m[34mSELECT  1 AS one FROM "users" WHERE "users"."session_token" = $1 LIMIT $2[0m  [["session_token", "zcXYTYagfdWfsAXEJZgLSA"], ["LIMIT", 1]]
  ↳ app/controllers/api/users_controller.rb:5
  [1m[35m (0.1ms)[0m  [1m[31mROLLBACK[0m
  ↳ app/controllers/api/users_controller.rb:5
Completed 404 Not Found in 333ms (Views: 0.1ms | ActiveRecord: 18.7ms)


Started GET "/" for ::1 at 2021-04-06 20:10:29 -0700
  [1m[35m (0.7ms)[0m  [1m[34mSELECT "schema_migrations"."version" FROM "schema_migrations" ORDER BY "schema_migrations"."version" ASC[0m
  ↳ /home/adrian/.rbenv/versions/2.5.1/lib/ruby/gems/2.5.0/gems/activerecord-5.2.5/lib/active_record/log_subscriber.rb:98
Processing by StaticPagesController#root as HTML
  Rendering static_pages/root.html within layouts/application
  Rendered static_pages/root.html within layouts/application (1.1ms)
Completed 200 OK in 937ms (Views: 933.6ms | ActiveRecord: 0.0ms)


Started POST "/api/users" for ::1 at 2021-04-06 20:11:13 -0700
Processing by Api::UsersController#create as JSON
  Parameters: {"user"=>{"email"=>"mary@gmail.com", "password"=>"[FILTERED]", "firstName"=>"Mary", "lastName"=>"Poppins", "birthDate"=>"1960-08-20", "currentLocation"=>"Wonderland", "phoneNumber"=>"5465456456", "gender"=>"", "identity"=>""}}
  [1m[35m (0.1ms)[0m  [1m[35mBEGIN[0m
  ↳ app/controllers/api/users_controller.rb:7
  [1m[36mUser Exists (1.3ms)[0m  [1m[34mSELECT  1 AS one FROM "users" WHERE "users"."email" = $1 LIMIT $2[0m  [["email", "mary@gmail.com"], ["LIMIT", 1]]
  ↳ app/controllers/api/users_controller.rb:7
  [1m[36mUser Exists (0.3ms)[0m  [1m[34mSELECT  1 AS one FROM "users" WHERE "users"."session_token" = $1 LIMIT $2[0m  [["session_token", "uGfgXue1h0pbKz5-lHJ6Cg"], ["LIMIT", 1]]
  ↳ app/controllers/api/users_controller.rb:7
  [1m[35m (0.1ms)[0m  [1m[31mROLLBACK[0m
  ↳ app/controllers/api/users_controller.rb:7
Completed 404 Not Found in 215ms (Views: 0.2ms | ActiveRecord: 4.5ms)


Started POST "/api/users" for ::1 at 2021-04-06 20:47:05 -0700
Started GET "/" for ::1 at 2021-04-06 20:47:05 -0700
Started POST "/api/users" for ::1 at 2021-04-06 20:47:05 -0700
Started GET "/" for ::1 at 2021-04-06 20:47:05 -0700
Processing by Api::UsersController#create as JSON
  Parameters: {"user"=>{"email"=>"mary@gmail.com", "password"=>"[FILTERED]", "firstName"=>"Mary", "lastName"=>"Poppins", "birthDate"=>"1960-08-20", "currentLocation"=>"Wonderland", "phoneNumber"=>"54565456", "gender"=>"", "identity"=>""}}
  [1m[35m (0.6ms)[0m  [1m[35mBEGIN[0m
  ↳ app/controllers/api/users_controller.rb:7
  [1m[36mUser Exists (1.4ms)[0m  [1m[34mSELECT  1 AS one FROM "users" WHERE "users"."email" = $1 LIMIT $2[0m  [["email", "mary@gmail.com"], ["LIMIT", 1]]
Processing by StaticPagesController#root as HTML
  ↳ app/controllers/api/users_controller.rb:7
Processing by StaticPagesController#root as HTML
  [1m[36mUser Exists (4.8ms)[0m  [1m[34mSELECT  1 AS one FROM "users" WHERE "users"."session_token" = $1 LIMIT $2[0m  [["session_token", "Akb6-UBOlguXbP4iw11vtw"], ["LIMIT", 1]]
Processing by Api::UsersController#create as JSON
  Rendering static_pages/root.html within layouts/application
  ↳ app/controllers/api/users_controller.rb:7
  Parameters: {"user"=>{"email"=>"mary@gmail.com", "password"=>"[FILTERED]", "firstName"=>"Mary", "lastName"=>"Poppins", "birthDate"=>"1960-12-06", "currentLocation"=>"Wonderland", "phoneNumber"=>"465545", "gender"=>"", "identity"=>""}}
  Rendered static_pages/root.html within layouts/application (0.3ms)
  [1m[35m (197.7ms)[0m  [1m[31mROLLBACK[0m
  ↳ app/controllers/api/users_controller.rb:7
  [1m[35m (1.1ms)[0m  [1m[35mBEGIN[0m
  ↳ app/controllers/api/users_controller.rb:7
Completed 404 Not Found in 411ms (Views: 0.1ms | ActiveRecord: 204.5ms)


  Rendering static_pages/root.html within layouts/application
  Rendered static_pages/root.html within layouts/application (0.0ms)
  [1m[36mUser Exists (2.2ms)[0m  [1m[34mSELECT  1 AS one FROM "users" WHERE "users"."email" = $1 LIMIT $2[0m  [["email", "mary@gmail.com"], ["LIMIT", 1]]
  ↳ app/controllers/api/users_controller.rb:7
  [1m[36mUser Exists (0.7ms)[0m  [1m[34mSELECT  1 AS one FROM "users" WHERE "users"."session_token" = $1 LIMIT $2[0m  [["session_token", "SLhuE_d-mS2YJlwft-WfXw"], ["LIMIT", 1]]
  ↳ app/controllers/api/users_controller.rb:7
  [1m[35m (0.4ms)[0m  [1m[31mROLLBACK[0m
  ↳ app/controllers/api/users_controller.rb:7
Completed 404 Not Found in 212ms (Views: 0.1ms | ActiveRecord: 4.5ms)


Completed 200 OK in 605ms (Views: 599.5ms | ActiveRecord: 0.0ms)


Completed 200 OK in 636ms (Views: 632.0ms | ActiveRecord: 0.0ms)


Started GET "/" for ::1 at 2021-04-06 20:47:51 -0700
  [1m[35m (0.8ms)[0m  [1m[34mSELECT "schema_migrations"."version" FROM "schema_migrations" ORDER BY "schema_migrations"."version" ASC[0m
  ↳ /home/adrian/.rbenv/versions/2.5.1/lib/ruby/gems/2.5.0/gems/activerecord-5.2.5/lib/active_record/log_subscriber.rb:98
Processing by StaticPagesController#root as HTML
  Rendering static_pages/root.html within layouts/application
  Rendered static_pages/root.html within layouts/application (0.8ms)
Completed 200 OK in 800ms (Views: 797.0ms | ActiveRecord: 0.0ms)


Started POST "/api/users" for ::1 at 2021-04-06 20:48:55 -0700
Processing by Api::UsersController#create as JSON
  Parameters: {"user"=>{"email"=>"mary@gmail.com", "password"=>"[FILTERED]", "firstName"=>"Mary", "lastName"=>"Poppins", "birthDate"=>"1960-08-20", "currentLocation"=>"Wonderland", "phoneNumber"=>"5465545", "gender"=>"trans", "identity"=>"lgbtq+ Ally"}}
  [1m[35m (0.1ms)[0m  [1m[35mBEGIN[0m
  ↳ app/controllers/api/users_controller.rb:7
  [1m[36mUser Exists (0.8ms)[0m  [1m[34mSELECT  1 AS one FROM "users" WHERE "users"."email" = $1 LIMIT $2[0m  [["email", "mary@gmail.com"], ["LIMIT", 1]]
  ↳ app/controllers/api/users_controller.rb:7
  [1m[36mUser Exists (0.4ms)[0m  [1m[34mSELECT  1 AS one FROM "users" WHERE "users"."session_token" = $1 LIMIT $2[0m  [["session_token", "6OXNUeq02RHrqFbkVdGXHg"], ["LIMIT", 1]]
  ↳ app/controllers/api/users_controller.rb:7
  [1m[36mUser Create (16.6ms)[0m  [1m[32mINSERT INTO "users" ("email", "password_digest", "session_token", "first_name", "last_name", "birth_date", "current_location", "gender", "identity", "created_at", "updated_at", "phone_number") VALUES ($1, $2, $3, $4, $5, $6, $7, $8, $9, $10, $11, $12) RETURNING "id"[0m  [["email", "mary@gmail.com"], ["password_digest", "$2a$12$M44wPDV52aMJEF.RzIMLxOHuqX1gTEQ.DB/Pko9vlXgQZa3D.UFnm"], ["session_token", "6OXNUeq02RHrqFbkVdGXHg"], ["first_name", "Mary"], ["last_name", "Poppins"], ["birth_date", "1960-08-20"], ["current_location", "Wonderland"], ["gender", "trans"], ["identity", "lgbtq+ Ally"], ["created_at", "2021-04-07 03:48:55.747946"], ["updated_at", "2021-04-07 03:48:55.747946"], ["phone_number", "5465545"]]
  ↳ app/controllers/api/users_controller.rb:7
  [1m[35m (4.3ms)[0m  [1m[35mCOMMIT[0m
  ↳ app/controllers/api/users_controller.rb:7
  [1m[35m (0.1ms)[0m  [1m[35mBEGIN[0m
  ↳ app/models/user.rb:31
  [1m[36mUser Exists (0.4ms)[0m  [1m[34mSELECT  1 AS one FROM "users" WHERE "users"."email" = $1 AND "users"."id" != $2 LIMIT $3[0m  [["email", "mary@gmail.com"], ["id", 4], ["LIMIT", 1]]
  ↳ app/models/user.rb:31
  [1m[36mUser Exists (0.4ms)[0m  [1m[34mSELECT  1 AS one FROM "users" WHERE "users"."session_token" = $1 AND "users"."id" != $2 LIMIT $3[0m  [["session_token", "-CZrUkjIHYjj5eSNN62F9A"], ["id", 4], ["LIMIT", 1]]
  ↳ app/models/user.rb:31
  [1m[36mUser Update (0.6ms)[0m  [1m[33mUPDATE "users" SET "session_token" = $1, "updated_at" = $2 WHERE "users"."id" = $3[0m  [["session_token", "-CZrUkjIHYjj5eSNN62F9A"], ["updated_at", "2021-04-07 03:48:55.779958"], ["id", 4]]
  ↳ app/models/user.rb:31
  [1m[35m (0.4ms)[0m  [1m[35mCOMMIT[0m
  ↳ app/models/user.rb:31
  Rendering api/users/show.json.jbuilder
  Rendered api/users/show.json.jbuilder (0.4ms)
Completed 200 OK in 252ms (Views: 8.4ms | ActiveRecord: 26.8ms)


  [1m[36mUser Load (0.5ms)[0m  [1m[34mSELECT "users".* FROM "users"[0m
